#
# There is insufficient memory for the Java Runtime Environment to continue.
# Native memory allocation (malloc) failed to allocate 32744 bytes for ChunkPool::allocate
# Possible reasons:
#   The system is out of physical RAM or swap space
#   In 32 bit mode, the process size limit was hit
# Possible solutions:
#   Reduce memory load on the system
#   Increase physical memory or swap space
#   Check if swap backing store is full
#   Use 64 bit Java on a 64 bit OS
#   Decrease Java heap size (-Xmx/-Xms)
#   Decrease number of Java threads
#   Decrease Java thread stack sizes (-Xss)
#   Set larger code cache with -XX:ReservedCodeCacheSize=
# This output file may be truncated or incomplete.
#
#  Out of Memory Error (allocation.cpp:273), pid=33080, tid=33628
#
# JRE version: Java(TM) SE Runtime Environment (8.0_91-b14) (build 1.8.0_91-b14)
# Java VM: Java HotSpot(TM) 64-Bit Server VM (25.91-b14 mixed mode windows-amd64 compressed oops)
# Failed to write core dump. Minidumps are not enabled by default on client versions of Windows
#

---------------  T H R E A D  ---------------

Current thread (0x0000000014f46000):  JavaThread "C1 CompilerThread1" daemon [_thread_in_native, id=33628, stack(0x00000000161c0000,0x00000000162c0000)]

Stack: [0x00000000161c0000,0x00000000162c0000]
[error occurred during error reporting (printing stack bounds), id 0xc0000005]

Native frames: (J=compiled Java code, j=interpreted, Vv=VM code, C=native code)


Current CompileTask:
C1:   2179  493       1       jdk.internal.org.objectweb.asm.Frame::execute (2252 bytes)


---------------  P R O C E S S  ---------------

Java Threads: ( => current thread )
  0x0000000016d07000 JavaThread "RMI TCP Connection(1)-127.0.0.1" daemon [_thread_in_vm, id=33644, stack(0x00000000176a0000,0x00000000177a0000)]
  0x0000000016bd8000 JavaThread "RMI TCP Accept-0" daemon [_thread_in_native, id=33544, stack(0x00000000174a0000,0x00000000175a0000)]
  0x0000000016bb8000 JavaThread "RMI TCP Accept-63211" daemon [_thread_in_native, id=33136, stack(0x00000000173a0000,0x00000000174a0000)]
  0x0000000016bad800 JavaThread "RMI TCP Accept-0" daemon [_thread_in_native, id=29900, stack(0x00000000172a0000,0x00000000173a0000)]
  0x0000000014faf800 JavaThread "Service Thread" daemon [_thread_blocked, id=33220, stack(0x00000000162c0000,0x00000000163c0000)]
=>0x0000000014f46000 JavaThread "C1 CompilerThread1" daemon [_thread_in_native, id=33628, stack(0x00000000161c0000,0x00000000162c0000)]
  0x0000000014f40800 JavaThread "C2 CompilerThread0" daemon [_thread_blocked, id=33264, stack(0x00000000160c0000,0x00000000161c0000)]
  0x0000000014f3f000 JavaThread "Attach Listener" daemon [_thread_blocked, id=33688, stack(0x0000000015fc0000,0x00000000160c0000)]
  0x0000000014f3c000 JavaThread "Signal Dispatcher" daemon [_thread_blocked, id=32144, stack(0x0000000015ec0000,0x0000000015fc0000)]
  0x0000000014f28800 JavaThread "Finalizer" daemon [_thread_blocked, id=33428, stack(0x0000000015b80000,0x0000000015c80000)]
  0x0000000002aa2000 JavaThread "Reference Handler" daemon [_thread_blocked, id=33756, stack(0x0000000015a80000,0x0000000015b80000)]
  0x00000000029b5800 JavaThread "main" [_thread_in_vm, id=33508, stack(0x00000000028b0000,0x00000000029b0000)]

Other Threads:
  0x0000000014f07000 VMThread [stack: 0x0000000015980000,0x0000000015a80000] [id=23776]
  0x0000000016bda000 WatcherThread [stack: 0x00000000175a0000,0x00000000176a0000] [id=27216]

VM state:not at safepoint (normal execution)

VM Mutex/Monitor currently owned by a thread:  ([mutex/lock_event])
[0x00000000029b24d0] SymbolTable_lock - owner thread: 0x0000000016d07000

Heap:
 PSYoungGen      total 18944K, used 9206K [0x00000000eab00000, 0x00000000ec000000, 0x0000000100000000)
  eden space 16384K, 56% used [0x00000000eab00000,0x00000000eb3fd9a8,0x00000000ebb00000)
  from space 2560K, 0% used [0x00000000ebd80000,0x00000000ebd80000,0x00000000ec000000)
  to   space 2560K, 0% used [0x00000000ebb00000,0x00000000ebb00000,0x00000000ebd80000)
 ParOldGen       total 44032K, used 0K [0x00000000c0000000, 0x00000000c2b00000, 0x00000000eab00000)
  object space 44032K, 0% used [0x00000000c0000000,0x00000000c0000000,0x00000000c2b00000)
 Metaspace       used 8005K, capacity 8182K, committed 8320K, reserved 1056768K
  class space    used 988K, capacity 1039K, committed 1152K, reserved 1048576K

Card table byte_map: [0x0000000011e70000,0x0000000012080000] byte_map_base: 0x0000000011870000

Marking Bits: (ParMarkBitMap*) 0x000000005c782f70
 Begin Bits: [0x00000000123e0000, 0x00000000133e0000)
 End Bits:   [0x00000000133e0000, 0x00000000143e0000)

Polling page: 0x0000000002800000

CodeCache: size=245760Kb used=1787Kb max_used=1787Kb free=243972Kb
 bounds [0x0000000002ab0000, 0x0000000002d20000, 0x0000000011ab0000]
 total_blobs=846 nmethods=501 adapters=258
 compilation: enabled

Compilation events (10 events):
Event: 2.148 Thread 0x0000000014f46000 nmethod 484 0x0000000002c6ad10 code [0x0000000002c6ae60, 0x0000000002c6afa8]
Event: 2.148 Thread 0x0000000014f46000  485       1       jdk.internal.org.objectweb.asm.Type::getType (269 bytes)
Event: 2.149 Thread 0x0000000014f46000 nmethod 485 0x0000000002c6b010 code [0x0000000002c6b1a0, 0x0000000002c6b630]
Event: 2.149 Thread 0x0000000014f46000  486       1       java.lang.invoke.MethodHandle::type (5 bytes)
Event: 2.149 Thread 0x0000000014f46000 nmethod 486 0x0000000002c6b990 code [0x0000000002c6bae0, 0x0000000002c6bbf0]
Event: 2.149 Thread 0x0000000014f46000  488       1       jdk.internal.org.objectweb.asm.Type::getArgumentsAndReturnSizes (151 bytes)
Event: 2.149 Thread 0x0000000014f46000 nmethod 488 0x0000000002c6bf50 code [0x0000000002c6c100, 0x0000000002c6c578]
Event: 2.149 Thread 0x0000000014f46000  489       1       java.lang.invoke.InvokerBytecodeGenerator::isStaticallyNameable (116 bytes)
Event: 2.151 Thread 0x0000000014f46000 nmethod 489 0x0000000002c6cdd0 code [0x0000000002c6d000, 0x0000000002c6d738]
Event: 2.151 Thread 0x0000000014f46000  493       1       jdk.internal.org.objectweb.asm.Frame::execute (2252 bytes)

GC Heap History (0 events):
No events

Deoptimization events (0 events):
No events

Internal exceptions (10 events):
Event: 1.333 Thread 0x00000000029b5800 Exception <a 'java/security/PrivilegedActionException'> (0x00000000eadf6878) thrown at [C:\re\workspace\8-2-build-windows-amd64-cygwin\jdk8u91\6644\hotspot\src\share\vm\prims\jvm.cpp, line 1386]
Event: 1.334 Thread 0x00000000029b5800 Exception <a 'java/security/PrivilegedActionException'> (0x00000000eadf7ac0) thrown at [C:\re\workspace\8-2-build-windows-amd64-cygwin\jdk8u91\6644\hotspot\src\share\vm\prims\jvm.cpp, line 1386]
Event: 1.334 Thread 0x00000000029b5800 Exception <a 'java/security/PrivilegedActionException'> (0x00000000eadf7cd0) thrown at [C:\re\workspace\8-2-build-windows-amd64-cygwin\jdk8u91\6644\hotspot\src\share\vm\prims\jvm.cpp, line 1386]
Event: 1.334 Thread 0x00000000029b5800 Exception <a 'java/security/PrivilegedActionException'> (0x00000000eadf8fb0) thrown at [C:\re\workspace\8-2-build-windows-amd64-cygwin\jdk8u91\6644\hotspot\src\share\vm\prims\jvm.cpp, line 1386]
Event: 1.334 Thread 0x00000000029b5800 Exception <a 'java/security/PrivilegedActionException'> (0x00000000eadf91c0) thrown at [C:\re\workspace\8-2-build-windows-amd64-cygwin\jdk8u91\6644\hotspot\src\share\vm\prims\jvm.cpp, line 1386]
Event: 1.334 Thread 0x00000000029b5800 Exception <a 'java/security/PrivilegedActionException'> (0x00000000eadfa5d0) thrown at [C:\re\workspace\8-2-build-windows-amd64-cygwin\jdk8u91\6644\hotspot\src\share\vm\prims\jvm.cpp, line 1386]
Event: 1.334 Thread 0x00000000029b5800 Exception <a 'java/security/PrivilegedActionException'> (0x00000000eadfa7e0) thrown at [C:\re\workspace\8-2-build-windows-amd64-cygwin\jdk8u91\6644\hotspot\src\share\vm\prims\jvm.cpp, line 1386]
Event: 1.649 Thread 0x00000000029b5800 Exception <a 'java/lang/ClassNotFoundException': javax/management/remote/rmi/RMIJRMPServerImpl$ExportedWrapper_Stub> (0x00000000eae97158) thrown at [C:\re\workspace\8-2-build-windows-amd64-cygwin\jdk8u91\6644\hotspot\src\share\vm\classfile\systemDictionaryó’»~Ö
Event: 2.105 Thread 0x00000000029b5800 Exception <a 'java/io/FileNotFoundException'> (0x00000000eb2a14e8) thrown at [C:\re\workspace\8-2-build-windows-amd64-cygwin\jdk8u91\6644\hotspot\src\share\vm\prims\jni.cpp, line 709]
Event: 2.153 Thread 0x0000000016d07000 Exception <a 'java/lang/NoSuchFieldError': method resolution failed> (0x00000000eb3cf258) thrown at [C:\re\workspace\8-2-build-windows-amd64-cygwin\jdk8u91\6644\hotspot\src\share\vm\prims\methodHandles.cpp, line 1146]

Events (10 events):
Event: 2.140 loading class ch/qos/logback/core/spi/ContextAware done
Event: 2.140 loading class java/lang/invoke/MethodHandleImpl$Lazy done
Event: 2.140 loading class java/lang/invoke/MethodHandleImpl$IntrinsicMethodHandle
Event: 2.140 loading class java/lang/invoke/MethodHandleImpl$IntrinsicMethodHandle done
Event: 2.143 loading class ch/qos/logback/classic/util/EnvUtil
Event: 2.143 loading class ch/qos/logback/classic/util/EnvUtil done
Event: 2.153 loading class java/lang/NoSuchFieldError
Event: 2.153 loading class java/lang/NoSuchFieldError done
Event: 2.154 loading class java/lang/IllegalAccessException
Event: 2.154 loading class java/lang/IllegalAccessException done


Dynamic libraries:
0x00007ff66e1c0000 - 0x00007ff66e1f7000 	C:\Program Files\Java\jre1.8.0_91\bin\javaw.exe
0x00007ffa9d610000 - 0x00007ffa9d7bd000 	C:\Windows\SYSTEM32\ntdll.dll
0x00007ffa9d180000 - 0x00007ffa9d2be000 	C:\Windows\system32\KERNEL32.DLL
0x00007ffa9a940000 - 0x00007ffa9aa55000 	C:\Windows\system32\KERNELBASE.dll
0x00007ffa98f10000 - 0x00007ffa98f9e000 	C:\Windows\system32\apphelp.dll
0x00007ffa6dd60000 - 0x00007ffa6ddb3000 	C:\Windows\AppPatch\AppPatch64\AcGenral.DLL
0x00007ffa9cdb0000 - 0x00007ffa9ce5a000 	C:\Windows\system32\msvcrt.dll
0x00007ffa9a810000 - 0x00007ffa9a83e000 	C:\Windows\system32\SspiCli.dll
0x00007ffa9d320000 - 0x00007ffa9d374000 	C:\Windows\system32\SHLWAPI.dll
0x00007ffa9cb00000 - 0x00007ffa9cc77000 	C:\Windows\system32\USER32.dll
0x00007ffa9c690000 - 0x00007ffa9c824000 	C:\Windows\system32\ole32.dll
0x00007ffa9aca0000 - 0x00007ffa9c1cc000 	C:\Windows\system32\SHELL32.dll
0x00007ffa99d80000 - 0x00007ffa99da1000 	C:\Windows\SYSTEM32\USERENV.dll
0x00007ffa9c8f0000 - 0x00007ffa9c99a000 	C:\Windows\system32\ADVAPI32.dll
0x00007ffa96fe0000 - 0x00007ffa96ffe000 	C:\Windows\SYSTEM32\MPR.dll
0x00007ffa9c9b0000 - 0x00007ffa9caf0000 	C:\Windows\system32\RPCRT4.dll
0x00007ffa9cd50000 - 0x00007ffa9cda9000 	C:\Windows\SYSTEM32\sechost.dll
0x00007ffa9c2b0000 - 0x00007ffa9c4c2000 	C:\Windows\SYSTEM32\combase.dll
0x00007ffa9ce70000 - 0x00007ffa9cfbb000 	C:\Windows\system32\GDI32.dll
0x00007ffa9a740000 - 0x00007ffa9a755000 	C:\Windows\SYSTEM32\profapi.dll
0x00007ffa997c0000 - 0x00007ffa99872000 	C:\Windows\SYSTEM32\SHCORE.dll
0x00007ffa9d560000 - 0x00007ffa9d596000 	C:\Windows\system32\IMM32.DLL
0x00007ffa9cfc0000 - 0x00007ffa9d111000 	C:\Windows\system32\MSCTF.dll
0x00007ffa9a6b0000 - 0x00007ffa9a6d6000 	C:\Windows\system32\vmwsci.dll
0x00007ffa9c9a0000 - 0x00007ffa9c9a7000 	C:\Windows\system32\PSAPI.DLL
0x00007ffa98520000 - 0x00007ffa9879a000 	C:\Windows\WinSxS\amd64_microsoft.windows.common-controls_6595b64144ccf1df_6.0.9600.17810_none_6240b9c7ecbd0bda\COMCTL32.dll
0x00000000024b0000 - 0x00000000024c1000 	C:\Windows\System32\umppc10306.dll
0x0000000068000000 - 0x0000000068059000 	C:\Windows\System32\QIPCAP64.dll
0x00007ffa99cb0000 - 0x00007ffa99d54000 	C:\Windows\SYSTEM32\DNSAPI.dll
0x00007ffa9d120000 - 0x00007ffa9d17a000 	C:\Windows\system32\WS2_32.dll
0x00007ffa9c680000 - 0x00007ffa9c689000 	C:\Windows\system32\NSI.dll
0x000000005b320000 - 0x000000005b3f2000 	C:\Program Files\Java\jre1.8.0_91\bin\msvcr100.dll
0x000000005bf70000 - 0x000000005c803000 	C:\Program Files\Java\jre1.8.0_91\bin\server\jvm.dll
0x00007ffa8f670000 - 0x00007ffa8f679000 	C:\Windows\SYSTEM32\WSOCK32.dll
0x00007ffa8f3f0000 - 0x00007ffa8f412000 	C:\Windows\SYSTEM32\WINMM.dll
0x00007ffa99920000 - 0x00007ffa9992a000 	C:\Windows\SYSTEM32\VERSION.dll
0x00007ffa8f340000 - 0x00007ffa8f36a000 	C:\Windows\SYSTEM32\WINMMBASE.dll
0x00000000026a0000 - 0x00000000026ef000 	C:\Windows\SYSTEM32\cfgmgr32.dll
0x00007ffa99180000 - 0x00007ffa991a8000 	C:\Windows\SYSTEM32\DEVOBJ.dll
0x000000005ce00000 - 0x000000005ce0f000 	C:\Program Files\Java\jre1.8.0_91\bin\verify.dll
0x000000005cdd0000 - 0x000000005cdf9000 	C:\Program Files\Java\jre1.8.0_91\bin\java.dll
0x000000005cd80000 - 0x000000005cd96000 	C:\Program Files\Java\jre1.8.0_91\bin\zip.dll
0x000000005be30000 - 0x000000005be3d000 	C:\Program Files\Java\jre1.8.0_91\bin\management.dll
0x000000005cd60000 - 0x000000005cd7a000 	C:\Program Files\Java\jre1.8.0_91\bin\net.dll
0x00007ffa99f40000 - 0x00007ffa99f99000 	C:\Windows\system32\mswsock.dll
0x000000005be70000 - 0x000000005be81000 	C:\Program Files\Java\jre1.8.0_91\bin\nio.dll
0x00007ffa93a60000 - 0x00007ffa93a75000 	C:\Windows\system32\napinsp.dll
0x00007ffa93a80000 - 0x00007ffa93a9a000 	C:\Windows\system32\pnrpnsp.dll
0x00007ffa96500000 - 0x00007ffa9651b000 	C:\Windows\system32\NLAapi.dll
0x00007ffa93aa0000 - 0x00007ffa93aad000 	C:\Windows\System32\winrnr.dll
0x00007ffa93b10000 - 0x00007ffa93b1a000 	C:\Windows\System32\rasadhlp.dll
0x00007ffa96430000 - 0x00007ffa9645a000 	C:\Windows\SYSTEM32\IPHLPAPI.DLL
0x00007ffa961a0000 - 0x00007ffa961aa000 	C:\Windows\SYSTEM32\WINNSI.DLL
0x00007ffa948a0000 - 0x00007ffa9490b000 	C:\Windows\System32\fwpuclnt.dll
0x00007ffa99fa0000 - 0x00007ffa99fc0000 	C:\Windows\SYSTEM32\CRYPTSP.dll
0x00007ffa99bc0000 - 0x00007ffa99bf6000 	C:\Windows\system32\rsaenh.dll
0x00007ffa9a1f0000 - 0x00007ffa9a216000 	C:\Windows\SYSTEM32\bcrypt.dll
0x00007ffa9a510000 - 0x00007ffa9a573000 	C:\Windows\system32\bcryptprimitives.dll
0x00007ffa9a5e0000 - 0x00007ffa9a5eb000 	C:\Windows\SYSTEM32\CRYPTBASE.dll
0x00007ffa96020000 - 0x00007ffa96036000 	C:\Windows\SYSTEM32\dhcpcsvc6.DLL
0x00007ffa95f00000 - 0x00007ffa95f1a000 	C:\Windows\SYSTEM32\dhcpcsvc.DLL

VM Arguments:
jvm_args: -Dcom.sun.management.jmxremote -Dcom.sun.management.jmxremote.port=63211 -Dcom.sun.management.jmxremote.authenticate=false -Dcom.sun.management.jmxremote.ssl=false -Djava.rmi.server.hostname=localhost -Dspring.jmx.enabled=true -Dspring.application.admin.enabled=true -Xverify:none -XX:TieredStopAtLevel=1 -Dfile.encoding=UTF-8 
java_command: com.tcs.Springsecurity.SpringsecurityApplication --spring.output.ansi.enabled=always
java_class_path (initial): D:\aparna\Springsecurity (3)\Springsecurity\target\classes;D:\Users\1704988\.m2\repository\org\springframework\boot\spring-boot-starter-web\2.2.1.RELEASE\spring-boot-starter-web-2.2.1.RELEASE.jar;D:\Users\1704988\.m2\repository\org\springframework\boot\spring-boot-starter\2.2.1.RELEASE\spring-boot-starter-2.2.1.RELEASE.jar;D:\Users\1704988\.m2\repository\org\springframework\boot\spring-boot\2.2.1.RELEASE\spring-boot-2.2.1.RELEASE.jar;D:\Users\1704988\.m2\repository\org\springframework\boot\spring-boot-autoconfigure\2.2.1.RELEASE\spring-boot-autoconfigure-2.2.1.RELEASE.jar;D:\Users\1704988\.m2\repository\org\springframework\boot\spring-boot-starter-logging\2.2.1.RELEASE\spring-boot-starter-logging-2.2.1.RELEASE.jar;D:\Users\1704988\.m2\repository\ch\qos\logback\logback-classic\1.2.3\logback-classic-1.2.3.jar;D:\Users\1704988\.m2\repository\ch\qos\logback\logback-core\1.2.3\logback-core-1.2.3.jar;D:\Users\1704988\.m2\repository\org\apache\logging\log4j\log4j-to-slf4j\2.12.1\log4j-to-slf4j-2.12.1.jar;D:\Users\1704988\.m2\repository\org\apache\logging\log4j\log4j-api\2.12.1\log4j-api-2.12.1.jar;D:\Users\1704988\.m2\repository\org\slf4j\jul-to-slf4j\1.7.29\jul-to-slf4j-1.7.29.jar;D:\Users\1704988\.m2\repository\jakarta\annotation\jakarta.annotation-api\1.3.5\jakarta.annotation-api-1.3.5.jar;D:\Users\1704988\.m2\repository\org\yaml\snakeyaml\1.25\snakeyaml-1.25.jar;D:\Users\1704988\.m2\repository\org\springframework\boot\spring-boot-starter-json\2.2.1.RELEASE\spring-boot-starter-json-2.2.1.RELEASE.jar;D:\Users\1704988\.m2\repository\com\fasterxml\jackson\core\jackson-databind\2.10.0\jackson-databind-2.10.0.jar;D:\Users\1704988\.m2\repository\com\fasterxml\jackson\core\jackson-annotations\2.10.0\jackson-annotations-2.10.0.jar;D:\Users\1704988\.m2\repository\com\fasterxml\jackson\core\jackson-core\2.10.0\jackson-core-2.10.0.jar;D:\Users\1704988\.m2\repository\com\fasterxml\jackson\datatype\jackson-datatype-jdk8\2.10.0\jackson-datatype-jdk8-2.10.
Launcher Type: SUN_STANDARD

Environment Variables:
JAVA_HOME=C:\Program Files\Java\jdk1.8.0_91
PATH=C:/Program Files/Java/jre1.8.0_91/bin/server;C:/Program Files/Java/jre1.8.0_91/bin;C:/Program Files/Java/jre1.8.0_91/lib/amd64;C:\ProgramData\Oracle\Java\javapath;C:\Windows\system32;C:\Windows;C:\Windows\System32\Wbem;C:\Windows\System32\WindowsPowerShell\v1.0\;C:\Program Files\Common Files\ThinPrint\;C:\Program Files\TortoiseSVN\bin;C:\Program Files (x86)\Yarn\bin\;C:\Program Files\nodejs\;C:\Program Files\Java\jdk1.8.0_91\bin;D:\sts-4.3.1.RELEASE;
USERNAME=1704988
OS=Windows_NT
PROCESSOR_IDENTIFIER=Intel64 Family 6 Model 79 Stepping 1, GenuineIntel



---------------  S Y S T E M  ---------------

OS: Windows 8.1 , 64 bit Build 9600 (6.3.9600.17415)

CPU:total 2 (2 cores per cpu, 1 threads per core) family 6 model 79 stepping 1, cmov, cx8, fxsr, mmx, sse, sse2, sse3, ssse3, sse4.1, sse4.2, popcnt, avx, avx2, aes, clmul, erms, rtm, 3dnowpref, lzcnt, tsc, tscinvbit, bmi1, bmi2, adx

Memory: 4k page, physical 4193844k(148372k free), swap 7339572k(4360k free)

vm_info: Java HotSpot(TM) 64-Bit Server VM (25.91-b14) for windows-amd64 JRE (1.8.0_91-b14), built on Apr  1 2016 00:58:32 by "java_re" with MS VC++ 10.0 (VS2010)

time: Wed Dec 04 18:46:22 2019
elapsed time: 2 seconds (0d 0h 0m 2s)

